<?xml version="1.0" encoding="UTF-8"?>
<testsuite name="SampleTestCase" tests="1" skipped="0" failures="0" errors="0" timestamp="2023-01-26T02:45:00" hostname="192.168.1.3" time="4.195">
  <properties/>
  <testcase name="MyTestMethod â˜º" classname="SampleTestCase" time="4.195"/>
  <system-out><![CDATA[javiercaballero_KdhzOc
]]></system-out>
  <system-err><![CDATA[]]></system-err>
</testsuite>
